[debug] [2023-03-04T18:32:08.823Z] ----------------------------------------------------------------------
[debug] [2023-03-04T18:32:08.824Z] Command:       /Users/chaileasevn/.nvm/versions/node/v16.13.0/bin/node /Users/chaileasevn/.nvm/versions/node/v16.13.0/bin/firebase init
[debug] [2023-03-04T18:32:08.825Z] CLI Version:   10.6.0
[debug] [2023-03-04T18:32:08.825Z] Platform:      darwin
[debug] [2023-03-04T18:32:08.825Z] Node Version:  v16.13.0
[debug] [2023-03-04T18:32:08.826Z] Time:          Sun Mar 05 2023 01:32:08 GMT+0700 (Indochina Time)
[debug] [2023-03-04T18:32:08.827Z] ----------------------------------------------------------------------
[debug] 
[debug] [2023-03-04T18:32:08.836Z] > command requires scopes: ["email","openid","https://www.googleapis.com/auth/cloudplatformprojects.readonly","https://www.googleapis.com/auth/firebase","https://www.googleapis.com/auth/cloud-platform"]
[debug] [2023-03-04T18:32:08.839Z] > authorizing via signed-in user (thanhtuan200295@gmail.com)
[info] 
     ######## #### ########  ######## ########     ###     ######  ########
     ##        ##  ##     ## ##       ##     ##  ##   ##  ##       ##
     ######    ##  ########  ######   ########  #########  ######  ######
     ##        ##  ##    ##  ##       ##     ## ##     ##       ## ##
     ##       #### ##     ## ######## ########  ##     ##  ######  ########

You're about to initialize a Firebase project in this directory:

  /Users/chaileasevn/Documents/Projects/Reactjs/wedding-invitation

[info] 
=== Project Setup
[info] 
[info] First, let's associate this project directory with a Firebase project.
[info] You can create multiple project aliases by running firebase use --add, 
[info] but for now we'll just set up a default project.
[info] 
[debug] [2023-03-04T18:32:22.133Z] > refreshing access token with scopes: []
[debug] [2023-03-04T18:32:22.137Z] >>> HTTP REQUEST POST https://www.googleapis.com/oauth2/v3/token  
 <request body omitted>
[debug] [2023-03-04T18:32:22.621Z] <<< HTTP RESPONSE 400 {"pragma":"no-cache","date":"Sat, 04 Mar 2023 18:32:22 GMT","expires":"Mon, 01 Jan 1990 00:00:00 GMT","cache-control":"no-cache, no-store, max-age=0, must-revalidate","content-type":"application/json; charset=utf-8","vary":"X-Origin, Referer, Origin,Accept-Encoding","server":"scaffolding on HTTPServer2","x-xss-protection":"0","x-frame-options":"SAMEORIGIN","x-content-type-options":"nosniff","alt-svc":"h3=\":443\"; ma=2592000,h3-29=\":443\"; ma=2592000","accept-ranges":"none","transfer-encoding":"chunked"}
[debug] [2023-03-04T18:32:22.629Z] >>> [apiv2][query] GET https://firebase.googleapis.com/v1beta1/projects pageSize=100
[debug] [2023-03-04T18:32:23.210Z] <<< [apiv2][status] GET https://firebase.googleapis.com/v1beta1/projects 401
[debug] [2023-03-04T18:32:23.211Z] <<< [apiv2][body] GET https://firebase.googleapis.com/v1beta1/projects [omitted]
[debug] [2023-03-04T18:32:23.212Z] HTTP Error: 401, Request had invalid authentication credentials. Expected OAuth 2 access token, login cookie or other valid authentication credential. See https://developers.google.com/identity/sign-in/web/devconsole-project.
[debug] [2023-03-04T18:32:23.612Z] FirebaseError: HTTP Error: 401, Request had invalid authentication credentials. Expected OAuth 2 access token, login cookie or other valid authentication credential. See https://developers.google.com/identity/sign-in/web/devconsole-project.
    at module.exports (/Users/chaileasevn/.nvm/versions/node/v16.13.0/lib/node_modules/firebase-tools/lib/responseToError.js:47:12)
    at RetryOperation._fn (/Users/chaileasevn/.nvm/versions/node/v16.13.0/lib/node_modules/firebase-tools/lib/apiv2.js:286:39)
    at processTicksAndRejections (node:internal/process/task_queues:96:5)
[error] 
[error] Error: Failed to list Firebase projects. See firebase-debug.log for more info.
[debug] [2023-03-04T18:32:55.546Z] ----------------------------------------------------------------------
[debug] [2023-03-04T18:32:55.548Z] Command:       /Users/chaileasevn/.nvm/versions/node/v16.13.0/bin/node /Users/chaileasevn/.nvm/versions/node/v16.13.0/bin/firebase init
[debug] [2023-03-04T18:32:55.549Z] CLI Version:   11.24.0
[debug] [2023-03-04T18:32:55.549Z] Platform:      darwin
[debug] [2023-03-04T18:32:55.549Z] Node Version:  v16.13.0
[debug] [2023-03-04T18:32:55.551Z] Time:          Sun Mar 05 2023 01:32:55 GMT+0700 (Indochina Time)
[debug] [2023-03-04T18:32:55.551Z] ----------------------------------------------------------------------
[debug] 
[debug] [2023-03-04T18:32:55.563Z] > command requires scopes: ["email","openid","https://www.googleapis.com/auth/cloudplatformprojects.readonly","https://www.googleapis.com/auth/firebase","https://www.googleapis.com/auth/cloud-platform"]
[debug] [2023-03-04T18:32:55.565Z] > authorizing via signed-in user (thanhtuan200295@gmail.com)
[info] 
     ######## #### ########  ######## ########     ###     ######  ########
     ##        ##  ##     ## ##       ##     ##  ##   ##  ##       ##
     ######    ##  ########  ######   ########  #########  ######  ######
     ##        ##  ##    ##  ##       ##     ## ##     ##       ## ##
     ##       #### ##     ## ######## ########  ##     ##  ######  ########

You're about to initialize a Firebase project in this directory:

  /Users/chaileasevn/Documents/Projects/Reactjs/wedding-invitation

[info] 
=== Project Setup
[info] 
[info] First, let's associate this project directory with a Firebase project.
[info] You can create multiple project aliases by running firebase use --add, 
[info] but for now we'll just set up a default project.
[info] 
[debug] [2023-03-04T18:33:05.303Z] > refreshing access token with scopes: []
[debug] [2023-03-04T18:33:05.311Z] >>> [apiv2][query] POST https://www.googleapis.com/oauth2/v3/token [none]
[debug] [2023-03-04T18:33:05.312Z] >>> [apiv2][body] POST https://www.googleapis.com/oauth2/v3/token [omitted]
[debug] [2023-03-04T18:33:05.786Z] <<< [apiv2][status] POST https://www.googleapis.com/oauth2/v3/token 400
[debug] [2023-03-04T18:33:05.790Z] <<< [apiv2][body] POST https://www.googleapis.com/oauth2/v3/token [omitted]
[debug] [2023-03-04T18:33:05.794Z] >>> [apiv2][query] GET https://firebase.googleapis.com/v1beta1/projects pageSize=100
[debug] [2023-03-04T18:33:06.525Z] <<< [apiv2][status] GET https://firebase.googleapis.com/v1beta1/projects 401
[debug] [2023-03-04T18:33:06.525Z] <<< [apiv2][body] GET https://firebase.googleapis.com/v1beta1/projects [omitted]
[debug] [2023-03-04T18:33:06.527Z] HTTP Error: 401, Request had invalid authentication credentials. Expected OAuth 2 access token, login cookie or other valid authentication credential. See https://developers.google.com/identity/sign-in/web/devconsole-project.
[debug] [2023-03-04T18:33:06.931Z] FirebaseError: HTTP Error: 401, Request had invalid authentication credentials. Expected OAuth 2 access token, login cookie or other valid authentication credential. See https://developers.google.com/identity/sign-in/web/devconsole-project.
    at responseToError (/Users/chaileasevn/.nvm/versions/node/v16.13.0/lib/node_modules/firebase-tools/lib/responseToError.js:49:12)
    at RetryOperation._fn (/Users/chaileasevn/.nvm/versions/node/v16.13.0/lib/node_modules/firebase-tools/lib/apiv2.js:288:77)
    at processTicksAndRejections (node:internal/process/task_queues:96:5)
[error] 
[error] Error: Failed to list Firebase projects. See firebase-debug.log for more info.
